<?xml version="1.0" encoding="UTF-8"?>
<testsuite xmlns:xsi="http://www.w3.org/2001/XMLSchema-instance" xsi:noNamespaceSchemaLocation="https://maven.apache.org/surefire/maven-surefire-plugin/xsd/surefire-test-report.xsd" name="com.leyou.user.RedisTest" time="14.684" tests="3" errors="0" skipped="0" failures="0">
  <properties>
    <property name="sun.desktop" value="windows"/>
    <property name="awt.toolkit" value="sun.awt.windows.WToolkit"/>
    <property name="file.encoding.pkg" value="sun.io"/>
    <property name="java.specification.version" value="1.8"/>
    <property name="sun.cpu.isalist" value="amd64"/>
    <property name="sun.jnu.encoding" value="GBK"/>
    <property name="java.class.path" value="D:\feiqiu\leyou\leyouProjects\leyou-user\leyou-user-service\target\test-classes;D:\feiqiu\leyou\leyouProjects\leyou-user\leyou-user-service\target\classes;D:\Java\maven\maven_repository\org\springframework\cloud\spring-cloud-starter-netflix-eureka-client\2.1.3.RELEASE\spring-cloud-starter-netflix-eureka-client-2.1.3.RELEASE.jar;D:\Java\maven\maven_repository\org\springframework\cloud\spring-cloud-starter\2.1.3.RELEASE\spring-cloud-starter-2.1.3.RELEASE.jar;D:\Java\maven\maven_repository\org\springframework\cloud\spring-cloud-context\2.1.3.RELEASE\spring-cloud-context-2.1.3.RELEASE.jar;D:\Java\maven\maven_repository\org\springframework\security\spring-security-crypto\5.1.6.RELEASE\spring-security-crypto-5.1.6.RELEASE.jar;D:\Java\maven\maven_repository\org\springframework\cloud\spring-cloud-commons\2.1.3.RELEASE\spring-cloud-commons-2.1.3.RELEASE.jar;D:\Java\maven\maven_repository\org\springframework\security\spring-security-rsa\1.0.7.RELEASE\spring-security-rsa-1.0.7.RELEASE.jar;D:\Java\maven\maven_repository\org\bouncycastle\bcpkix-jdk15on\1.60\bcpkix-jdk15on-1.60.jar;D:\Java\maven\maven_repository\org\bouncycastle\bcprov-jdk15on\1.60\bcprov-jdk15on-1.60.jar;D:\Java\maven\maven_repository\org\springframework\cloud\spring-cloud-netflix-hystrix\2.1.3.RELEASE\spring-cloud-netflix-hystrix-2.1.3.RELEASE.jar;D:\Java\maven\maven_repository\org\springframework\boot\spring-boot-autoconfigure\2.1.8.RELEASE\spring-boot-autoconfigure-2.1.8.RELEASE.jar;D:\Java\maven\maven_repository\org\springframework\boot\spring-boot-starter-aop\2.1.8.RELEASE\spring-boot-starter-aop-2.1.8.RELEASE.jar;D:\Java\maven\maven_repository\org\aspectj\aspectjweaver\1.9.4\aspectjweaver-1.9.4.jar;D:\Java\maven\maven_repository\org\springframework\cloud\spring-cloud-netflix-eureka-client\2.1.3.RELEASE\spring-cloud-netflix-eureka-client-2.1.3.RELEASE.jar;D:\Java\maven\maven_repository\com\netflix\eureka\eureka-client\1.9.13\eureka-client-1.9.13.jar;D:\Java\maven\maven_repository\org\codehaus\jettison\jettison\1.3.7\jettison-1.3.7.jar;D:\Java\maven\maven_repository\stax\stax-api\1.0.1\stax-api-1.0.1.jar;D:\Java\maven\maven_repository\com\netflix\netflix-commons\netflix-eventbus\0.3.0\netflix-eventbus-0.3.0.jar;D:\Java\maven\maven_repository\com\netflix\netflix-commons\netflix-infix\0.3.0\netflix-infix-0.3.0.jar;D:\Java\maven\maven_repository\commons-jxpath\commons-jxpath\1.3\commons-jxpath-1.3.jar;D:\Java\maven\maven_repository\joda-time\joda-time\2.10.3\joda-time-2.10.3.jar;D:\Java\maven\maven_repository\org\antlr\antlr-runtime\3.4\antlr-runtime-3.4.jar;D:\Java\maven\maven_repository\org\antlr\stringtemplate\3.2.1\stringtemplate-3.2.1.jar;D:\Java\maven\maven_repository\antlr\antlr\2.7.7\antlr-2.7.7.jar;D:\Java\maven\maven_repository\com\google\code\gson\gson\2.8.5\gson-2.8.5.jar;D:\Java\maven\maven_repository\org\apache\commons\commons-math\2.2\commons-math-2.2.jar;D:\Java\maven\maven_repository\com\netflix\archaius\archaius-core\0.7.6\archaius-core-0.7.6.jar;D:\Java\maven\maven_repository\com\google\guava\guava\16.0\guava-16.0.jar;D:\Java\maven\maven_repository\javax\ws\rs\jsr311-api\1.1.1\jsr311-api-1.1.1.jar;D:\Java\maven\maven_repository\com\netflix\servo\servo-core\0.12.21\servo-core-0.12.21.jar;D:\Java\maven\maven_repository\com\sun\jersey\jersey-core\1.19.1\jersey-core-1.19.1.jar;D:\Java\maven\maven_repository\com\sun\jersey\jersey-client\1.19.1\jersey-client-1.19.1.jar;D:\Java\maven\maven_repository\com\sun\jersey\contribs\jersey-apache-client4\1.19.1\jersey-apache-client4-1.19.1.jar;D:\Java\maven\maven_repository\org\apache\httpcomponents\httpclient\4.5.9\httpclient-4.5.9.jar;D:\Java\maven\maven_repository\org\apache\httpcomponents\httpcore\4.4.12\httpcore-4.4.12.jar;D:\Java\maven\maven_repository\com\google\inject\guice\4.1.0\guice-4.1.0.jar;D:\Java\maven\maven_repository\javax\inject\javax.inject\1\javax.inject-1.jar;D:\Java\maven\maven_repository\aopalliance\aopalliance\1.0\aopalliance-1.0.jar;D:\Java\maven\maven_repository\com\fasterxml\jackson\core\jackson-annotations\2.9.0\jackson-annotations-2.9.0.jar;D:\Java\maven\maven_repository\com\fasterxml\jackson\core\jackson-core\2.9.9\jackson-core-2.9.9.jar;D:\Java\maven\maven_repository\com\netflix\eureka\eureka-core\1.9.13\eureka-core-1.9.13.jar;D:\Java\maven\maven_repository\com\fasterxml\woodstox\woodstox-core\5.0.3\woodstox-core-5.0.3.jar;D:\Java\maven\maven_repository\org\codehaus\woodstox\stax2-api\3.1.4\stax2-api-3.1.4.jar;D:\Java\maven\maven_repository\org\springframework\cloud\spring-cloud-starter-netflix-archaius\2.1.3.RELEASE\spring-cloud-starter-netflix-archaius-2.1.3.RELEASE.jar;D:\Java\maven\maven_repository\org\springframework\cloud\spring-cloud-netflix-ribbon\2.1.3.RELEASE\spring-cloud-netflix-ribbon-2.1.3.RELEASE.jar;D:\Java\maven\maven_repository\org\springframework\cloud\spring-cloud-netflix-archaius\2.1.3.RELEASE\spring-cloud-netflix-archaius-2.1.3.RELEASE.jar;D:\Java\maven\maven_repository\commons-configuration\commons-configuration\1.8\commons-configuration-1.8.jar;D:\Java\maven\maven_repository\commons-lang\commons-lang\2.6\commons-lang-2.6.jar;D:\Java\maven\maven_repository\org\springframework\cloud\spring-cloud-starter-netflix-ribbon\2.1.3.RELEASE\spring-cloud-starter-netflix-ribbon-2.1.3.RELEASE.jar;D:\Java\maven\maven_repository\com\netflix\ribbon\ribbon\2.3.0\ribbon-2.3.0.jar;D:\Java\maven\maven_repository\com\netflix\ribbon\ribbon-transport\2.3.0\ribbon-transport-2.3.0.jar;D:\Java\maven\maven_repository\io\reactivex\rxnetty-contexts\0.4.9\rxnetty-contexts-0.4.9.jar;D:\Java\maven\maven_repository\io\reactivex\rxnetty-servo\0.4.9\rxnetty-servo-0.4.9.jar;D:\Java\maven\maven_repository\com\netflix\hystrix\hystrix-core\1.5.18\hystrix-core-1.5.18.jar;D:\Java\maven\maven_repository\org\hdrhistogram\HdrHistogram\2.1.9\HdrHistogram-2.1.9.jar;D:\Java\maven\maven_repository\io\reactivex\rxnetty\0.4.9\rxnetty-0.4.9.jar;D:\Java\maven\maven_repository\com\netflix\ribbon\ribbon-core\2.3.0\ribbon-core-2.3.0.jar;D:\Java\maven\maven_repository\com\netflix\ribbon\ribbon-httpclient\2.3.0\ribbon-httpclient-2.3.0.jar;D:\Java\maven\maven_repository\commons-collections\commons-collections\3.2.2\commons-collections-3.2.2.jar;D:\Java\maven\maven_repository\com\netflix\netflix-commons\netflix-commons-util\0.3.0\netflix-commons-util-0.3.0.jar;D:\Java\maven\maven_repository\com\netflix\ribbon\ribbon-loadbalancer\2.3.0\ribbon-loadbalancer-2.3.0.jar;D:\Java\maven\maven_repository\com\netflix\netflix-commons\netflix-statistics\0.1.1\netflix-statistics-0.1.1.jar;D:\Java\maven\maven_repository\io\reactivex\rxjava\1.3.8\rxjava-1.3.8.jar;D:\Java\maven\maven_repository\com\netflix\ribbon\ribbon-eureka\2.3.0\ribbon-eureka-2.3.0.jar;D:\Java\maven\maven_repository\com\thoughtworks\xstream\xstream\1.4.11.1\xstream-1.4.11.1.jar;D:\Java\maven\maven_repository\xmlpull\xmlpull\1.1.3.1\xmlpull-1.1.3.1.jar;D:\Java\maven\maven_repository\xpp3\xpp3_min\1.1.4c\xpp3_min-1.1.4c.jar;D:\Java\maven\maven_repository\org\springframework\boot\spring-boot-starter-web\2.2.1.RELEASE\spring-boot-starter-web-2.2.1.RELEASE.jar;D:\Java\maven\maven_repository\org\springframework\boot\spring-boot-starter\2.1.8.RELEASE\spring-boot-starter-2.1.8.RELEASE.jar;D:\Java\maven\maven_repository\org\springframework\boot\spring-boot\2.1.8.RELEASE\spring-boot-2.1.8.RELEASE.jar;D:\Java\maven\maven_repository\org\springframework\boot\spring-boot-starter-logging\2.1.8.RELEASE\spring-boot-starter-logging-2.1.8.RELEASE.jar;D:\Java\maven\maven_repository\ch\qos\logback\logback-classic\1.2.3\logback-classic-1.2.3.jar;D:\Java\maven\maven_repository\ch\qos\logback\logback-core\1.2.3\logback-core-1.2.3.jar;D:\Java\maven\maven_repository\org\apache\logging\log4j\log4j-to-slf4j\2.11.2\log4j-to-slf4j-2.11.2.jar;D:\Java\maven\maven_repository\org\apache\logging\log4j\log4j-api\2.11.2\log4j-api-2.11.2.jar;D:\Java\maven\maven_repository\org\slf4j\jul-to-slf4j\1.7.28\jul-to-slf4j-1.7.28.jar;D:\Java\maven\maven_repository\javax\annotation\javax.annotation-api\1.3.2\javax.annotation-api-1.3.2.jar;D:\Java\maven\maven_repository\org\yaml\snakeyaml\1.23\snakeyaml-1.23.jar;D:\Java\maven\maven_repository\org\springframework\boot\spring-boot-starter-json\2.1.8.RELEASE\spring-boot-starter-json-2.1.8.RELEASE.jar;D:\Java\maven\maven_repository\com\fasterxml\jackson\datatype\jackson-datatype-jdk8\2.9.9\jackson-datatype-jdk8-2.9.9.jar;D:\Java\maven\maven_repository\com\fasterxml\jackson\datatype\jackson-datatype-jsr310\2.9.9\jackson-datatype-jsr310-2.9.9.jar;D:\Java\maven\maven_repository\com\fasterxml\jackson\module\jackson-module-parameter-names\2.9.9\jackson-module-parameter-names-2.9.9.jar;D:\Java\maven\maven_repository\org\springframework\boot\spring-boot-starter-tomcat\2.1.8.RELEASE\spring-boot-starter-tomcat-2.1.8.RELEASE.jar;D:\Java\maven\maven_repository\org\apache\tomcat\embed\tomcat-embed-core\9.0.24\tomcat-embed-core-9.0.24.jar;D:\Java\maven\maven_repository\org\apache\tomcat\embed\tomcat-embed-el\9.0.24\tomcat-embed-el-9.0.24.jar;D:\Java\maven\maven_repository\org\apache\tomcat\embed\tomcat-embed-websocket\9.0.24\tomcat-embed-websocket-9.0.24.jar;D:\Java\maven\maven_repository\org\springframework\boot\spring-boot-starter-validation\2.1.8.RELEASE\spring-boot-starter-validation-2.1.8.RELEASE.jar;D:\Java\maven\maven_repository\org\springframework\spring-web\5.1.9.RELEASE\spring-web-5.1.9.RELEASE.jar;D:\Java\maven\maven_repository\org\springframework\spring-beans\5.1.9.RELEASE\spring-beans-5.1.9.RELEASE.jar;D:\Java\maven\maven_repository\org\springframework\spring-webmvc\5.1.9.RELEASE\spring-webmvc-5.1.9.RELEASE.jar;D:\Java\maven\maven_repository\org\springframework\spring-aop\5.1.9.RELEASE\spring-aop-5.1.9.RELEASE.jar;D:\Java\maven\maven_repository\org\springframework\spring-context\5.1.9.RELEASE\spring-context-5.1.9.RELEASE.jar;D:\Java\maven\maven_repository\org\springframework\spring-expression\5.1.9.RELEASE\spring-expression-5.1.9.RELEASE.jar;D:\Java\maven\maven_repository\mysql\mysql-connector-java\8.0.18\mysql-connector-java-8.0.18.jar;D:\Java\maven\maven_repository\com\google\protobuf\protobuf-java\3.6.1\protobuf-java-3.6.1.jar;D:\Java\maven\maven_repository\org\mybatis\spring\boot\mybatis-spring-boot-starter\1.3.2\mybatis-spring-boot-starter-1.3.2.jar;D:\Java\maven\maven_repository\org\springframework\boot\spring-boot-starter-jdbc\2.1.8.RELEASE\spring-boot-starter-jdbc-2.1.8.RELEASE.jar;D:\Java\maven\maven_repository\com\zaxxer\HikariCP\3.2.0\HikariCP-3.2.0.jar;D:\Java\maven\maven_repository\org\springframework\spring-jdbc\5.1.9.RELEASE\spring-jdbc-5.1.9.RELEASE.jar;D:\Java\maven\maven_repository\org\mybatis\spring\boot\mybatis-spring-boot-autoconfigure\1.3.2\mybatis-spring-boot-autoconfigure-1.3.2.jar;D:\Java\maven\maven_repository\org\mybatis\mybatis\3.4.6\mybatis-3.4.6.jar;D:\Java\maven\maven_repository\org\mybatis\mybatis-spring\1.3.2\mybatis-spring-1.3.2.jar;D:\Java\maven\maven_repository\tk\mybatis\mapper-spring-boot-starter\2.0.2\mapper-spring-boot-starter-2.0.2.jar;D:\Java\maven\maven_repository\tk\mybatis\mapper-core\1.0.2\mapper-core-1.0.2.jar;D:\Java\maven\maven_repository\tk\mybatis\mapper-base\1.0.1\mapper-base-1.0.1.jar;D:\Java\maven\maven_repository\tk\mybatis\mapper-weekend\1.1.3\mapper-weekend-1.1.3.jar;D:\Java\maven\maven_repository\tk\mybatis\mapper-spring\1.0.1\mapper-spring-1.0.1.jar;D:\Java\maven\maven_repository\tk\mybatis\mapper-extra\1.0.1\mapper-extra-1.0.1.jar;D:\Java\maven\maven_repository\tk\mybatis\mapper-spring-boot-autoconfigure\2.0.2\mapper-spring-boot-autoconfigure-2.0.2.jar;D:\Java\maven\maven_repository\com\github\pagehelper\pagehelper-spring-boot-starter\1.2.3\pagehelper-spring-boot-starter-1.2.3.jar;D:\Java\maven\maven_repository\com\github\pagehelper\pagehelper-spring-boot-autoconfigure\1.2.3\pagehelper-spring-boot-autoconfigure-1.2.3.jar;D:\Java\maven\maven_repository\com\github\pagehelper\pagehelper\5.1.2\pagehelper-5.1.2.jar;D:\Java\maven\maven_repository\com\github\jsqlparser\jsqlparser\1.0\jsqlparser-1.0.jar;D:\Java\maven\maven_repository\org\springframework\boot\spring-boot-starter-test\2.1.8.RELEASE\spring-boot-starter-test-2.1.8.RELEASE.jar;D:\Java\maven\maven_repository\org\springframework\boot\spring-boot-test\2.1.8.RELEASE\spring-boot-test-2.1.8.RELEASE.jar;D:\Java\maven\maven_repository\org\springframework\boot\spring-boot-test-autoconfigure\2.1.8.RELEASE\spring-boot-test-autoconfigure-2.1.8.RELEASE.jar;D:\Java\maven\maven_repository\com\jayway\jsonpath\json-path\2.4.0\json-path-2.4.0.jar;D:\Java\maven\maven_repository\net\minidev\json-smart\2.3\json-smart-2.3.jar;D:\Java\maven\maven_repository\net\minidev\accessors-smart\1.2\accessors-smart-1.2.jar;D:\Java\maven\maven_repository\org\ow2\asm\asm\5.0.4\asm-5.0.4.jar;D:\Java\maven\maven_repository\junit\junit\4.12\junit-4.12.jar;D:\Java\maven\maven_repository\org\assertj\assertj-core\3.11.1\assertj-core-3.11.1.jar;D:\Java\maven\maven_repository\org\mockito\mockito-core\2.23.4\mockito-core-2.23.4.jar;D:\Java\maven\maven_repository\net\bytebuddy\byte-buddy\1.9.16\byte-buddy-1.9.16.jar;D:\Java\maven\maven_repository\net\bytebuddy\byte-buddy-agent\1.9.16\byte-buddy-agent-1.9.16.jar;D:\Java\maven\maven_repository\org\objenesis\objenesis\2.6\objenesis-2.6.jar;D:\Java\maven\maven_repository\org\hamcrest\hamcrest-core\1.3\hamcrest-core-1.3.jar;D:\Java\maven\maven_repository\org\hamcrest\hamcrest-library\1.3\hamcrest-library-1.3.jar;D:\Java\maven\maven_repository\org\skyscreamer\jsonassert\1.5.0\jsonassert-1.5.0.jar;D:\Java\maven\maven_repository\com\vaadin\external\google\android-json\0.0.20131108.vaadin1\android-json-0.0.20131108.vaadin1.jar;D:\Java\maven\maven_repository\org\springframework\spring-core\5.1.9.RELEASE\spring-core-5.1.9.RELEASE.jar;D:\Java\maven\maven_repository\org\springframework\spring-jcl\5.1.9.RELEASE\spring-jcl-5.1.9.RELEASE.jar;D:\Java\maven\maven_repository\org\springframework\spring-test\5.1.9.RELEASE\spring-test-5.1.9.RELEASE.jar;D:\Java\maven\maven_repository\org\xmlunit\xmlunit-core\2.6.3\xmlunit-core-2.6.3.jar;D:\feiqiu\leyou\leyouProjects\leyou-user\leyou-user-interface\target\leyou-user-interface-0.0.1-SNAPSHOT.jar;D:\Java\maven\maven_repository\javax\persistence\persistence-api\1.0.2\persistence-api-1.0.2.jar;D:\Java\maven\maven_repository\com\fasterxml\jackson\core\jackson-databind\2.9.9.3\jackson-databind-2.9.9.3.jar;D:\feiqiu\leyou\leyouProjects\leyou-common\target\leyou-common-0.0.1-SNAPSHOT.jar;D:\Java\maven\maven_repository\org\slf4j\slf4j-api\1.7.28\slf4j-api-1.7.28.jar;D:\Java\maven\maven_repository\org\apache\commons\commons-lang3\3.8.1\commons-lang3-3.8.1.jar;D:\Java\maven\maven_repository\org\springframework\boot\spring-boot-starter-data-redis\2.1.8.RELEASE\spring-boot-starter-data-redis-2.1.8.RELEASE.jar;D:\Java\maven\maven_repository\org\springframework\data\spring-data-redis\2.1.10.RELEASE\spring-data-redis-2.1.10.RELEASE.jar;D:\Java\maven\maven_repository\org\springframework\data\spring-data-keyvalue\2.1.10.RELEASE\spring-data-keyvalue-2.1.10.RELEASE.jar;D:\Java\maven\maven_repository\org\springframework\data\spring-data-commons\2.1.10.RELEASE\spring-data-commons-2.1.10.RELEASE.jar;D:\Java\maven\maven_repository\org\springframework\spring-tx\5.1.9.RELEASE\spring-tx-5.1.9.RELEASE.jar;D:\Java\maven\maven_repository\org\springframework\spring-oxm\5.1.9.RELEASE\spring-oxm-5.1.9.RELEASE.jar;D:\Java\maven\maven_repository\org\springframework\spring-context-support\5.1.9.RELEASE\spring-context-support-5.1.9.RELEASE.jar;D:\Java\maven\maven_repository\io\lettuce\lettuce-core\5.1.8.RELEASE\lettuce-core-5.1.8.RELEASE.jar;D:\Java\maven\maven_repository\io\netty\netty-common\4.1.39.Final\netty-common-4.1.39.Final.jar;D:\Java\maven\maven_repository\io\netty\netty-handler\4.1.39.Final\netty-handler-4.1.39.Final.jar;D:\Java\maven\maven_repository\io\netty\netty-buffer\4.1.39.Final\netty-buffer-4.1.39.Final.jar;D:\Java\maven\maven_repository\io\netty\netty-codec\4.1.39.Final\netty-codec-4.1.39.Final.jar;D:\Java\maven\maven_repository\io\netty\netty-transport\4.1.39.Final\netty-transport-4.1.39.Final.jar;D:\Java\maven\maven_repository\io\netty\netty-resolver\4.1.39.Final\netty-resolver-4.1.39.Final.jar;D:\Java\maven\maven_repository\io\projectreactor\reactor-core\3.2.12.RELEASE\reactor-core-3.2.12.RELEASE.jar;D:\Java\maven\maven_repository\org\reactivestreams\reactive-streams\1.0.3\reactive-streams-1.0.3.jar;D:\Java\maven\maven_repository\org\springframework\boot\spring-boot-starter-amqp\2.1.8.RELEASE\spring-boot-starter-amqp-2.1.8.RELEASE.jar;D:\Java\maven\maven_repository\org\springframework\spring-messaging\5.1.9.RELEASE\spring-messaging-5.1.9.RELEASE.jar;D:\Java\maven\maven_repository\org\springframework\amqp\spring-rabbit\2.1.8.RELEASE\spring-rabbit-2.1.8.RELEASE.jar;D:\Java\maven\maven_repository\org\springframework\amqp\spring-amqp\2.1.8.RELEASE\spring-amqp-2.1.8.RELEASE.jar;D:\Java\maven\maven_repository\org\springframework\retry\spring-retry\1.2.4.RELEASE\spring-retry-1.2.4.RELEASE.jar;D:\Java\maven\maven_repository\com\rabbitmq\amqp-client\5.4.3\amqp-client-5.4.3.jar;D:\Java\maven\maven_repository\commons-codec\commons-codec\1.11\commons-codec-1.11.jar;D:\Java\maven\maven_repository\org\hibernate\validator\hibernate-validator\6.1.2.Final\hibernate-validator-6.1.2.Final.jar;D:\Java\maven\maven_repository\jakarta\validation\jakarta.validation-api\2.0.2\jakarta.validation-api-2.0.2.jar;D:\Java\maven\maven_repository\org\jboss\logging\jboss-logging\3.3.3.Final\jboss-logging-3.3.3.Final.jar;D:\Java\maven\maven_repository\com\fasterxml\classmate\1.4.0\classmate-1.4.0.jar;"/>
    <property name="java.vm.vendor" value="Oracle Corporation"/>
    <property name="sun.arch.data.model" value="64"/>
    <property name="user.variant" value=""/>
    <property name="java.vendor.url" value="http://java.oracle.com/"/>
    <property name="user.timezone" value="Asia/Shanghai"/>
    <property name="java.vm.specification.version" value="1.8"/>
    <property name="os.name" value="Windows 10"/>
    <property name="user.country" value="CN"/>
    <property name="sun.java.launcher" value="SUN_STANDARD"/>
    <property name="sun.boot.library.path" value="C:\Program Files\Java\jdk1.8.0_191\jre\bin"/>
    <property name="sun.java.command" value="C:\Users\12725\AppData\Local\Temp\surefire2169824595707013575\surefirebooter7993302175306160110.jar C:\Users\12725\AppData\Local\Temp\surefire2169824595707013575 2020-04-13T12-06-08_822-jvmRun1 surefire9190775170358884037tmp surefire_08166027538046764556tmp"/>
    <property name="surefire.test.class.path" value="D:\feiqiu\leyou\leyouProjects\leyou-user\leyou-user-service\target\test-classes;D:\feiqiu\leyou\leyouProjects\leyou-user\leyou-user-service\target\classes;D:\Java\maven\maven_repository\org\springframework\cloud\spring-cloud-starter-netflix-eureka-client\2.1.3.RELEASE\spring-cloud-starter-netflix-eureka-client-2.1.3.RELEASE.jar;D:\Java\maven\maven_repository\org\springframework\cloud\spring-cloud-starter\2.1.3.RELEASE\spring-cloud-starter-2.1.3.RELEASE.jar;D:\Java\maven\maven_repository\org\springframework\cloud\spring-cloud-context\2.1.3.RELEASE\spring-cloud-context-2.1.3.RELEASE.jar;D:\Java\maven\maven_repository\org\springframework\security\spring-security-crypto\5.1.6.RELEASE\spring-security-crypto-5.1.6.RELEASE.jar;D:\Java\maven\maven_repository\org\springframework\cloud\spring-cloud-commons\2.1.3.RELEASE\spring-cloud-commons-2.1.3.RELEASE.jar;D:\Java\maven\maven_repository\org\springframework\security\spring-security-rsa\1.0.7.RELEASE\spring-security-rsa-1.0.7.RELEASE.jar;D:\Java\maven\maven_repository\org\bouncycastle\bcpkix-jdk15on\1.60\bcpkix-jdk15on-1.60.jar;D:\Java\maven\maven_repository\org\bouncycastle\bcprov-jdk15on\1.60\bcprov-jdk15on-1.60.jar;D:\Java\maven\maven_repository\org\springframework\cloud\spring-cloud-netflix-hystrix\2.1.3.RELEASE\spring-cloud-netflix-hystrix-2.1.3.RELEASE.jar;D:\Java\maven\maven_repository\org\springframework\boot\spring-boot-autoconfigure\2.1.8.RELEASE\spring-boot-autoconfigure-2.1.8.RELEASE.jar;D:\Java\maven\maven_repository\org\springframework\boot\spring-boot-starter-aop\2.1.8.RELEASE\spring-boot-starter-aop-2.1.8.RELEASE.jar;D:\Java\maven\maven_repository\org\aspectj\aspectjweaver\1.9.4\aspectjweaver-1.9.4.jar;D:\Java\maven\maven_repository\org\springframework\cloud\spring-cloud-netflix-eureka-client\2.1.3.RELEASE\spring-cloud-netflix-eureka-client-2.1.3.RELEASE.jar;D:\Java\maven\maven_repository\com\netflix\eureka\eureka-client\1.9.13\eureka-client-1.9.13.jar;D:\Java\maven\maven_repository\org\codehaus\jettison\jettison\1.3.7\jettison-1.3.7.jar;D:\Java\maven\maven_repository\stax\stax-api\1.0.1\stax-api-1.0.1.jar;D:\Java\maven\maven_repository\com\netflix\netflix-commons\netflix-eventbus\0.3.0\netflix-eventbus-0.3.0.jar;D:\Java\maven\maven_repository\com\netflix\netflix-commons\netflix-infix\0.3.0\netflix-infix-0.3.0.jar;D:\Java\maven\maven_repository\commons-jxpath\commons-jxpath\1.3\commons-jxpath-1.3.jar;D:\Java\maven\maven_repository\joda-time\joda-time\2.10.3\joda-time-2.10.3.jar;D:\Java\maven\maven_repository\org\antlr\antlr-runtime\3.4\antlr-runtime-3.4.jar;D:\Java\maven\maven_repository\org\antlr\stringtemplate\3.2.1\stringtemplate-3.2.1.jar;D:\Java\maven\maven_repository\antlr\antlr\2.7.7\antlr-2.7.7.jar;D:\Java\maven\maven_repository\com\google\code\gson\gson\2.8.5\gson-2.8.5.jar;D:\Java\maven\maven_repository\org\apache\commons\commons-math\2.2\commons-math-2.2.jar;D:\Java\maven\maven_repository\com\netflix\archaius\archaius-core\0.7.6\archaius-core-0.7.6.jar;D:\Java\maven\maven_repository\com\google\guava\guava\16.0\guava-16.0.jar;D:\Java\maven\maven_repository\javax\ws\rs\jsr311-api\1.1.1\jsr311-api-1.1.1.jar;D:\Java\maven\maven_repository\com\netflix\servo\servo-core\0.12.21\servo-core-0.12.21.jar;D:\Java\maven\maven_repository\com\sun\jersey\jersey-core\1.19.1\jersey-core-1.19.1.jar;D:\Java\maven\maven_repository\com\sun\jersey\jersey-client\1.19.1\jersey-client-1.19.1.jar;D:\Java\maven\maven_repository\com\sun\jersey\contribs\jersey-apache-client4\1.19.1\jersey-apache-client4-1.19.1.jar;D:\Java\maven\maven_repository\org\apache\httpcomponents\httpclient\4.5.9\httpclient-4.5.9.jar;D:\Java\maven\maven_repository\org\apache\httpcomponents\httpcore\4.4.12\httpcore-4.4.12.jar;D:\Java\maven\maven_repository\com\google\inject\guice\4.1.0\guice-4.1.0.jar;D:\Java\maven\maven_repository\javax\inject\javax.inject\1\javax.inject-1.jar;D:\Java\maven\maven_repository\aopalliance\aopalliance\1.0\aopalliance-1.0.jar;D:\Java\maven\maven_repository\com\fasterxml\jackson\core\jackson-annotations\2.9.0\jackson-annotations-2.9.0.jar;D:\Java\maven\maven_repository\com\fasterxml\jackson\core\jackson-core\2.9.9\jackson-core-2.9.9.jar;D:\Java\maven\maven_repository\com\netflix\eureka\eureka-core\1.9.13\eureka-core-1.9.13.jar;D:\Java\maven\maven_repository\com\fasterxml\woodstox\woodstox-core\5.0.3\woodstox-core-5.0.3.jar;D:\Java\maven\maven_repository\org\codehaus\woodstox\stax2-api\3.1.4\stax2-api-3.1.4.jar;D:\Java\maven\maven_repository\org\springframework\cloud\spring-cloud-starter-netflix-archaius\2.1.3.RELEASE\spring-cloud-starter-netflix-archaius-2.1.3.RELEASE.jar;D:\Java\maven\maven_repository\org\springframework\cloud\spring-cloud-netflix-ribbon\2.1.3.RELEASE\spring-cloud-netflix-ribbon-2.1.3.RELEASE.jar;D:\Java\maven\maven_repository\org\springframework\cloud\spring-cloud-netflix-archaius\2.1.3.RELEASE\spring-cloud-netflix-archaius-2.1.3.RELEASE.jar;D:\Java\maven\maven_repository\commons-configuration\commons-configuration\1.8\commons-configuration-1.8.jar;D:\Java\maven\maven_repository\commons-lang\commons-lang\2.6\commons-lang-2.6.jar;D:\Java\maven\maven_repository\org\springframework\cloud\spring-cloud-starter-netflix-ribbon\2.1.3.RELEASE\spring-cloud-starter-netflix-ribbon-2.1.3.RELEASE.jar;D:\Java\maven\maven_repository\com\netflix\ribbon\ribbon\2.3.0\ribbon-2.3.0.jar;D:\Java\maven\maven_repository\com\netflix\ribbon\ribbon-transport\2.3.0\ribbon-transport-2.3.0.jar;D:\Java\maven\maven_repository\io\reactivex\rxnetty-contexts\0.4.9\rxnetty-contexts-0.4.9.jar;D:\Java\maven\maven_repository\io\reactivex\rxnetty-servo\0.4.9\rxnetty-servo-0.4.9.jar;D:\Java\maven\maven_repository\com\netflix\hystrix\hystrix-core\1.5.18\hystrix-core-1.5.18.jar;D:\Java\maven\maven_repository\org\hdrhistogram\HdrHistogram\2.1.9\HdrHistogram-2.1.9.jar;D:\Java\maven\maven_repository\io\reactivex\rxnetty\0.4.9\rxnetty-0.4.9.jar;D:\Java\maven\maven_repository\com\netflix\ribbon\ribbon-core\2.3.0\ribbon-core-2.3.0.jar;D:\Java\maven\maven_repository\com\netflix\ribbon\ribbon-httpclient\2.3.0\ribbon-httpclient-2.3.0.jar;D:\Java\maven\maven_repository\commons-collections\commons-collections\3.2.2\commons-collections-3.2.2.jar;D:\Java\maven\maven_repository\com\netflix\netflix-commons\netflix-commons-util\0.3.0\netflix-commons-util-0.3.0.jar;D:\Java\maven\maven_repository\com\netflix\ribbon\ribbon-loadbalancer\2.3.0\ribbon-loadbalancer-2.3.0.jar;D:\Java\maven\maven_repository\com\netflix\netflix-commons\netflix-statistics\0.1.1\netflix-statistics-0.1.1.jar;D:\Java\maven\maven_repository\io\reactivex\rxjava\1.3.8\rxjava-1.3.8.jar;D:\Java\maven\maven_repository\com\netflix\ribbon\ribbon-eureka\2.3.0\ribbon-eureka-2.3.0.jar;D:\Java\maven\maven_repository\com\thoughtworks\xstream\xstream\1.4.11.1\xstream-1.4.11.1.jar;D:\Java\maven\maven_repository\xmlpull\xmlpull\1.1.3.1\xmlpull-1.1.3.1.jar;D:\Java\maven\maven_repository\xpp3\xpp3_min\1.1.4c\xpp3_min-1.1.4c.jar;D:\Java\maven\maven_repository\org\springframework\boot\spring-boot-starter-web\2.2.1.RELEASE\spring-boot-starter-web-2.2.1.RELEASE.jar;D:\Java\maven\maven_repository\org\springframework\boot\spring-boot-starter\2.1.8.RELEASE\spring-boot-starter-2.1.8.RELEASE.jar;D:\Java\maven\maven_repository\org\springframework\boot\spring-boot\2.1.8.RELEASE\spring-boot-2.1.8.RELEASE.jar;D:\Java\maven\maven_repository\org\springframework\boot\spring-boot-starter-logging\2.1.8.RELEASE\spring-boot-starter-logging-2.1.8.RELEASE.jar;D:\Java\maven\maven_repository\ch\qos\logback\logback-classic\1.2.3\logback-classic-1.2.3.jar;D:\Java\maven\maven_repository\ch\qos\logback\logback-core\1.2.3\logback-core-1.2.3.jar;D:\Java\maven\maven_repository\org\apache\logging\log4j\log4j-to-slf4j\2.11.2\log4j-to-slf4j-2.11.2.jar;D:\Java\maven\maven_repository\org\apache\logging\log4j\log4j-api\2.11.2\log4j-api-2.11.2.jar;D:\Java\maven\maven_repository\org\slf4j\jul-to-slf4j\1.7.28\jul-to-slf4j-1.7.28.jar;D:\Java\maven\maven_repository\javax\annotation\javax.annotation-api\1.3.2\javax.annotation-api-1.3.2.jar;D:\Java\maven\maven_repository\org\yaml\snakeyaml\1.23\snakeyaml-1.23.jar;D:\Java\maven\maven_repository\org\springframework\boot\spring-boot-starter-json\2.1.8.RELEASE\spring-boot-starter-json-2.1.8.RELEASE.jar;D:\Java\maven\maven_repository\com\fasterxml\jackson\datatype\jackson-datatype-jdk8\2.9.9\jackson-datatype-jdk8-2.9.9.jar;D:\Java\maven\maven_repository\com\fasterxml\jackson\datatype\jackson-datatype-jsr310\2.9.9\jackson-datatype-jsr310-2.9.9.jar;D:\Java\maven\maven_repository\com\fasterxml\jackson\module\jackson-module-parameter-names\2.9.9\jackson-module-parameter-names-2.9.9.jar;D:\Java\maven\maven_repository\org\springframework\boot\spring-boot-starter-tomcat\2.1.8.RELEASE\spring-boot-starter-tomcat-2.1.8.RELEASE.jar;D:\Java\maven\maven_repository\org\apache\tomcat\embed\tomcat-embed-core\9.0.24\tomcat-embed-core-9.0.24.jar;D:\Java\maven\maven_repository\org\apache\tomcat\embed\tomcat-embed-el\9.0.24\tomcat-embed-el-9.0.24.jar;D:\Java\maven\maven_repository\org\apache\tomcat\embed\tomcat-embed-websocket\9.0.24\tomcat-embed-websocket-9.0.24.jar;D:\Java\maven\maven_repository\org\springframework\boot\spring-boot-starter-validation\2.1.8.RELEASE\spring-boot-starter-validation-2.1.8.RELEASE.jar;D:\Java\maven\maven_repository\org\springframework\spring-web\5.1.9.RELEASE\spring-web-5.1.9.RELEASE.jar;D:\Java\maven\maven_repository\org\springframework\spring-beans\5.1.9.RELEASE\spring-beans-5.1.9.RELEASE.jar;D:\Java\maven\maven_repository\org\springframework\spring-webmvc\5.1.9.RELEASE\spring-webmvc-5.1.9.RELEASE.jar;D:\Java\maven\maven_repository\org\springframework\spring-aop\5.1.9.RELEASE\spring-aop-5.1.9.RELEASE.jar;D:\Java\maven\maven_repository\org\springframework\spring-context\5.1.9.RELEASE\spring-context-5.1.9.RELEASE.jar;D:\Java\maven\maven_repository\org\springframework\spring-expression\5.1.9.RELEASE\spring-expression-5.1.9.RELEASE.jar;D:\Java\maven\maven_repository\mysql\mysql-connector-java\8.0.18\mysql-connector-java-8.0.18.jar;D:\Java\maven\maven_repository\com\google\protobuf\protobuf-java\3.6.1\protobuf-java-3.6.1.jar;D:\Java\maven\maven_repository\org\mybatis\spring\boot\mybatis-spring-boot-starter\1.3.2\mybatis-spring-boot-starter-1.3.2.jar;D:\Java\maven\maven_repository\org\springframework\boot\spring-boot-starter-jdbc\2.1.8.RELEASE\spring-boot-starter-jdbc-2.1.8.RELEASE.jar;D:\Java\maven\maven_repository\com\zaxxer\HikariCP\3.2.0\HikariCP-3.2.0.jar;D:\Java\maven\maven_repository\org\springframework\spring-jdbc\5.1.9.RELEASE\spring-jdbc-5.1.9.RELEASE.jar;D:\Java\maven\maven_repository\org\mybatis\spring\boot\mybatis-spring-boot-autoconfigure\1.3.2\mybatis-spring-boot-autoconfigure-1.3.2.jar;D:\Java\maven\maven_repository\org\mybatis\mybatis\3.4.6\mybatis-3.4.6.jar;D:\Java\maven\maven_repository\org\mybatis\mybatis-spring\1.3.2\mybatis-spring-1.3.2.jar;D:\Java\maven\maven_repository\tk\mybatis\mapper-spring-boot-starter\2.0.2\mapper-spring-boot-starter-2.0.2.jar;D:\Java\maven\maven_repository\tk\mybatis\mapper-core\1.0.2\mapper-core-1.0.2.jar;D:\Java\maven\maven_repository\tk\mybatis\mapper-base\1.0.1\mapper-base-1.0.1.jar;D:\Java\maven\maven_repository\tk\mybatis\mapper-weekend\1.1.3\mapper-weekend-1.1.3.jar;D:\Java\maven\maven_repository\tk\mybatis\mapper-spring\1.0.1\mapper-spring-1.0.1.jar;D:\Java\maven\maven_repository\tk\mybatis\mapper-extra\1.0.1\mapper-extra-1.0.1.jar;D:\Java\maven\maven_repository\tk\mybatis\mapper-spring-boot-autoconfigure\2.0.2\mapper-spring-boot-autoconfigure-2.0.2.jar;D:\Java\maven\maven_repository\com\github\pagehelper\pagehelper-spring-boot-starter\1.2.3\pagehelper-spring-boot-starter-1.2.3.jar;D:\Java\maven\maven_repository\com\github\pagehelper\pagehelper-spring-boot-autoconfigure\1.2.3\pagehelper-spring-boot-autoconfigure-1.2.3.jar;D:\Java\maven\maven_repository\com\github\pagehelper\pagehelper\5.1.2\pagehelper-5.1.2.jar;D:\Java\maven\maven_repository\com\github\jsqlparser\jsqlparser\1.0\jsqlparser-1.0.jar;D:\Java\maven\maven_repository\org\springframework\boot\spring-boot-starter-test\2.1.8.RELEASE\spring-boot-starter-test-2.1.8.RELEASE.jar;D:\Java\maven\maven_repository\org\springframework\boot\spring-boot-test\2.1.8.RELEASE\spring-boot-test-2.1.8.RELEASE.jar;D:\Java\maven\maven_repository\org\springframework\boot\spring-boot-test-autoconfigure\2.1.8.RELEASE\spring-boot-test-autoconfigure-2.1.8.RELEASE.jar;D:\Java\maven\maven_repository\com\jayway\jsonpath\json-path\2.4.0\json-path-2.4.0.jar;D:\Java\maven\maven_repository\net\minidev\json-smart\2.3\json-smart-2.3.jar;D:\Java\maven\maven_repository\net\minidev\accessors-smart\1.2\accessors-smart-1.2.jar;D:\Java\maven\maven_repository\org\ow2\asm\asm\5.0.4\asm-5.0.4.jar;D:\Java\maven\maven_repository\junit\junit\4.12\junit-4.12.jar;D:\Java\maven\maven_repository\org\assertj\assertj-core\3.11.1\assertj-core-3.11.1.jar;D:\Java\maven\maven_repository\org\mockito\mockito-core\2.23.4\mockito-core-2.23.4.jar;D:\Java\maven\maven_repository\net\bytebuddy\byte-buddy\1.9.16\byte-buddy-1.9.16.jar;D:\Java\maven\maven_repository\net\bytebuddy\byte-buddy-agent\1.9.16\byte-buddy-agent-1.9.16.jar;D:\Java\maven\maven_repository\org\objenesis\objenesis\2.6\objenesis-2.6.jar;D:\Java\maven\maven_repository\org\hamcrest\hamcrest-core\1.3\hamcrest-core-1.3.jar;D:\Java\maven\maven_repository\org\hamcrest\hamcrest-library\1.3\hamcrest-library-1.3.jar;D:\Java\maven\maven_repository\org\skyscreamer\jsonassert\1.5.0\jsonassert-1.5.0.jar;D:\Java\maven\maven_repository\com\vaadin\external\google\android-json\0.0.20131108.vaadin1\android-json-0.0.20131108.vaadin1.jar;D:\Java\maven\maven_repository\org\springframework\spring-core\5.1.9.RELEASE\spring-core-5.1.9.RELEASE.jar;D:\Java\maven\maven_repository\org\springframework\spring-jcl\5.1.9.RELEASE\spring-jcl-5.1.9.RELEASE.jar;D:\Java\maven\maven_repository\org\springframework\spring-test\5.1.9.RELEASE\spring-test-5.1.9.RELEASE.jar;D:\Java\maven\maven_repository\org\xmlunit\xmlunit-core\2.6.3\xmlunit-core-2.6.3.jar;D:\feiqiu\leyou\leyouProjects\leyou-user\leyou-user-interface\target\leyou-user-interface-0.0.1-SNAPSHOT.jar;D:\Java\maven\maven_repository\javax\persistence\persistence-api\1.0.2\persistence-api-1.0.2.jar;D:\Java\maven\maven_repository\com\fasterxml\jackson\core\jackson-databind\2.9.9.3\jackson-databind-2.9.9.3.jar;D:\feiqiu\leyou\leyouProjects\leyou-common\target\leyou-common-0.0.1-SNAPSHOT.jar;D:\Java\maven\maven_repository\org\slf4j\slf4j-api\1.7.28\slf4j-api-1.7.28.jar;D:\Java\maven\maven_repository\org\apache\commons\commons-lang3\3.8.1\commons-lang3-3.8.1.jar;D:\Java\maven\maven_repository\org\springframework\boot\spring-boot-starter-data-redis\2.1.8.RELEASE\spring-boot-starter-data-redis-2.1.8.RELEASE.jar;D:\Java\maven\maven_repository\org\springframework\data\spring-data-redis\2.1.10.RELEASE\spring-data-redis-2.1.10.RELEASE.jar;D:\Java\maven\maven_repository\org\springframework\data\spring-data-keyvalue\2.1.10.RELEASE\spring-data-keyvalue-2.1.10.RELEASE.jar;D:\Java\maven\maven_repository\org\springframework\data\spring-data-commons\2.1.10.RELEASE\spring-data-commons-2.1.10.RELEASE.jar;D:\Java\maven\maven_repository\org\springframework\spring-tx\5.1.9.RELEASE\spring-tx-5.1.9.RELEASE.jar;D:\Java\maven\maven_repository\org\springframework\spring-oxm\5.1.9.RELEASE\spring-oxm-5.1.9.RELEASE.jar;D:\Java\maven\maven_repository\org\springframework\spring-context-support\5.1.9.RELEASE\spring-context-support-5.1.9.RELEASE.jar;D:\Java\maven\maven_repository\io\lettuce\lettuce-core\5.1.8.RELEASE\lettuce-core-5.1.8.RELEASE.jar;D:\Java\maven\maven_repository\io\netty\netty-common\4.1.39.Final\netty-common-4.1.39.Final.jar;D:\Java\maven\maven_repository\io\netty\netty-handler\4.1.39.Final\netty-handler-4.1.39.Final.jar;D:\Java\maven\maven_repository\io\netty\netty-buffer\4.1.39.Final\netty-buffer-4.1.39.Final.jar;D:\Java\maven\maven_repository\io\netty\netty-codec\4.1.39.Final\netty-codec-4.1.39.Final.jar;D:\Java\maven\maven_repository\io\netty\netty-transport\4.1.39.Final\netty-transport-4.1.39.Final.jar;D:\Java\maven\maven_repository\io\netty\netty-resolver\4.1.39.Final\netty-resolver-4.1.39.Final.jar;D:\Java\maven\maven_repository\io\projectreactor\reactor-core\3.2.12.RELEASE\reactor-core-3.2.12.RELEASE.jar;D:\Java\maven\maven_repository\org\reactivestreams\reactive-streams\1.0.3\reactive-streams-1.0.3.jar;D:\Java\maven\maven_repository\org\springframework\boot\spring-boot-starter-amqp\2.1.8.RELEASE\spring-boot-starter-amqp-2.1.8.RELEASE.jar;D:\Java\maven\maven_repository\org\springframework\spring-messaging\5.1.9.RELEASE\spring-messaging-5.1.9.RELEASE.jar;D:\Java\maven\maven_repository\org\springframework\amqp\spring-rabbit\2.1.8.RELEASE\spring-rabbit-2.1.8.RELEASE.jar;D:\Java\maven\maven_repository\org\springframework\amqp\spring-amqp\2.1.8.RELEASE\spring-amqp-2.1.8.RELEASE.jar;D:\Java\maven\maven_repository\org\springframework\retry\spring-retry\1.2.4.RELEASE\spring-retry-1.2.4.RELEASE.jar;D:\Java\maven\maven_repository\com\rabbitmq\amqp-client\5.4.3\amqp-client-5.4.3.jar;D:\Java\maven\maven_repository\commons-codec\commons-codec\1.11\commons-codec-1.11.jar;D:\Java\maven\maven_repository\org\hibernate\validator\hibernate-validator\6.1.2.Final\hibernate-validator-6.1.2.Final.jar;D:\Java\maven\maven_repository\jakarta\validation\jakarta.validation-api\2.0.2\jakarta.validation-api-2.0.2.jar;D:\Java\maven\maven_repository\org\jboss\logging\jboss-logging\3.3.3.Final\jboss-logging-3.3.3.Final.jar;D:\Java\maven\maven_repository\com\fasterxml\classmate\1.4.0\classmate-1.4.0.jar;"/>
    <property name="sun.cpu.endian" value="little"/>
    <property name="user.home" value="C:\Users\12725"/>
    <property name="user.language" value="zh"/>
    <property name="java.specification.vendor" value="Oracle Corporation"/>
    <property name="java.home" value="C:\Program Files\Java\jdk1.8.0_191\jre"/>
    <property name="basedir" value="D:\feiqiu\leyou\leyouProjects\leyou-user\leyou-user-service"/>
    <property name="file.separator" value="\"/>
    <property name="line.separator" value="&#10;"/>
    <property name="java.vm.specification.vendor" value="Oracle Corporation"/>
    <property name="java.specification.name" value="Java Platform API Specification"/>
    <property name="java.awt.graphicsenv" value="sun.awt.Win32GraphicsEnvironment"/>
    <property name="surefire.real.class.path" value="C:\Users\12725\AppData\Local\Temp\surefire2169824595707013575\surefirebooter7993302175306160110.jar"/>
    <property name="sun.boot.class.path" value="C:\Program Files\Java\jdk1.8.0_191\jre\lib\resources.jar;C:\Program Files\Java\jdk1.8.0_191\jre\lib\rt.jar;C:\Program Files\Java\jdk1.8.0_191\jre\lib\sunrsasign.jar;C:\Program Files\Java\jdk1.8.0_191\jre\lib\jsse.jar;C:\Program Files\Java\jdk1.8.0_191\jre\lib\jce.jar;C:\Program Files\Java\jdk1.8.0_191\jre\lib\charsets.jar;C:\Program Files\Java\jdk1.8.0_191\jre\lib\jfr.jar;C:\Program Files\Java\jdk1.8.0_191\jre\classes"/>
    <property name="user.script" value=""/>
    <property name="sun.management.compiler" value="HotSpot 64-Bit Tiered Compilers"/>
    <property name="java.runtime.version" value="1.8.0_191-b12"/>
    <property name="user.name" value="12725"/>
    <property name="path.separator" value=";"/>
    <property name="os.version" value="10.0"/>
    <property name="java.endorsed.dirs" value="C:\Program Files\Java\jdk1.8.0_191\jre\lib\endorsed"/>
    <property name="java.runtime.name" value="Java(TM) SE Runtime Environment"/>
    <property name="file.encoding" value="GBK"/>
    <property name="java.vm.name" value="Java HotSpot(TM) 64-Bit Server VM"/>
    <property name="localRepository" value="D:\Java\maven\maven_repository"/>
    <property name="java.vendor.url.bug" value="http://bugreport.sun.com/bugreport/"/>
    <property name="java.io.tmpdir" value="C:\Users\12725\AppData\Local\Temp\"/>
    <property name="java.version" value="1.8.0_191"/>
    <property name="user.dir" value="D:\feiqiu\leyou\leyouProjects\leyou-user\leyou-user-service"/>
    <property name="os.arch" value="amd64"/>
    <property name="java.vm.specification.name" value="Java Virtual Machine Specification"/>
    <property name="java.awt.printerjob" value="sun.awt.windows.WPrinterJob"/>
    <property name="idea.version2019.3.1" value="true"/>
    <property name="sun.os.patch.level" value=""/>
    <property name="java.library.path" value="C:\Program Files\Java\jdk1.8.0_191\jre\bin;C:\WINDOWS\Sun\Java\bin;C:\WINDOWS\system32;C:\WINDOWS;C:\Program Files (x86)\Common Files\Oracle\Java\javapath;C:\Program Files\Intel\iCLS Client\;C:\Windows\system32;C:\Windows;C:\Windows\System32\Wbem;C:\Windows\System32\WindowsPowerShell\v1.0\;C:\Program Files (x86)\NVIDIA Corporation\PhysX\Common;C:\WINDOWS\system32;C:\WINDOWS;C:\WINDOWS\System32\Wbem;C:\WINDOWS\System32\WindowsPowerShell\v1.0\;C:\WINDOWS\System32\OpenSSH\;C:\Program Files\Calibre2\;C:\Program Files\NVIDIA Corporation\NVIDIA NvDLISR;C:\Program Files (x86)\MySQL\MySQL Server 5.5\bin;C:\WINDOWS\system32;C:\WINDOWS;C:\WINDOWS\System32\Wbem;C:\WINDOWS\System32\WindowsPowerShell\v1.0\;C:\WINDOWS\System32\OpenSSH\;C:\Program Files (x86)\Intel\Intel(R) Management Engine Components\DAL;C:\Program Files\Intel\Intel(R) Management Engine Components\DAL;C:\Program Files\Java\jdk1.8.0_191\bin;C:\Program Files\Intel\WiFi\bin\;C:\Program Files\Common Files\Intel\WirelessCommon\;D:\Java\maven\apache-maven-3.5.2\bin;D:\mysql-8.0.19-winx64\bin;C:\Program Files\VisualSVN Server\bin;C:\Program Files\TortoiseSVN\bin;C:\Program Files\nodejs\;C:\Users\12725\AppData\Local\Microsoft\WindowsApps;%MYSQL_HOME%\bin;C:\Program Files\Intel\WiFi\bin\;C:\Program Files\Common Files\Intel\WirelessCommon\;C:\Users\12725\AppData\Roaming\npm;."/>
    <property name="java.vm.info" value="mixed mode"/>
    <property name="java.vendor" value="Oracle Corporation"/>
    <property name="java.vm.version" value="25.191-b12"/>
    <property name="java.ext.dirs" value="C:\Program Files\Java\jdk1.8.0_191\jre\lib\ext;C:\WINDOWS\Sun\Java\lib\ext"/>
    <property name="sun.io.unicode.encoding" value="UnicodeLittle"/>
    <property name="maven.repo.local" value="D:\Java\maven\maven_repository"/>
    <property name="java.class.version" value="52.0"/>
  </properties>
  <testcase name="testRedis" classname="com.leyou.user.RedisTest" time="2.218"/>
  <testcase name="testHash" classname="com.leyou.user.RedisTest" time="0.031"/>
  <testcase name="testRedis2" classname="com.leyou.user.RedisTest" time="0"/>
</testsuite>